{"level":"info","message":"Server start successfully!","timestamp":"2017-04-29T09:04:12.429Z"}
{"level":"info","message":"Server start successfully!","timestamp":"2017-04-29T09:10:20.156Z"}
{"level":"info","message":"Start login !","timestamp":"2017-04-29T09:10:20.190Z"}
{"level":"error","message":"I3088454 login failed !","timestamp":"2017-04-29T09:10:58.677Z"}
{"level":"error","message":"I3088455 login failed !","timestamp":"2017-04-29T09:11:12.860Z"}
{"level":"info","message":"Server start successfully!","timestamp":"2017-04-29T09:22:29.281Z"}
{"level":"info","message":"Start login !","timestamp":"2017-04-29T09:22:29.316Z"}
{"level":"info","message":"I308845 login successfully !","timestamp":"2017-04-29T09:22:45.069Z"}
{"level":"info","message":"Gadget undefined save successfully!","timestamp":"2017-04-29T09:22:46.860Z"}
{"level":"info","message":"Gadget undefined save successfully!","timestamp":"2017-04-29T09:22:47.746Z"}
{"level":"info","message":"Gadget undefined save successfully!","timestamp":"2017-04-29T09:22:56.631Z"}
{"level":"info","message":"Gadget undefined save successfully!","timestamp":"2017-04-29T09:22:58.943Z"}
{"level":"info","message":"Gadget undefined save successfully!","timestamp":"2017-04-29T09:23:01.140Z"}
{"level":"error","message":"I3088454 login failed !","timestamp":"2017-04-29T09:23:17.434Z"}
{"level":"error","message":"I3088455 login failed !","timestamp":"2017-04-29T09:23:31.613Z"}
{"level":"info","message":"Server start successfully !","timestamp":"2017-04-29T09:25:57.777Z"}
{"level":"info","message":"Start login !","timestamp":"2017-04-29T09:25:57.812Z"}
{"level":"info","message":"I308845 login successfully !","timestamp":"2017-04-29T09:26:16.740Z"}
{"level":"info","message":"Gadget 123 save 123243 successfully!","timestamp":"2017-04-29T09:26:17.826Z"}
{"level":"info","message":"Gadget 123 save 123243 successfully!","timestamp":"2017-04-29T09:26:18.795Z"}
{"level":"info","message":"Gadget 123 save 123243 successfully!","timestamp":"2017-04-29T09:26:28.142Z"}
{"level":"info","message":"Gadget 123 save 123243 successfully!","timestamp":"2017-04-29T09:26:30.368Z"}
{"level":"info","message":"Gadget 123 save 123243 successfully!","timestamp":"2017-04-29T09:26:32.461Z"}
{"level":"error","message":"I3088454 login failed !","timestamp":"2017-04-29T09:26:46.919Z"}
{"level":"error","message":"I3088455 login failed !","timestamp":"2017-04-29T09:27:01.934Z"}
{"level":"info","message":"Server start successfully !","timestamp":"2017-04-29T09:29:15.064Z"}
{"level":"info","message":"Start login !","timestamp":"2017-04-29T09:29:15.099Z"}
{"level":"error","message":"I308845 login failed !","timestamp":"2017-04-29T09:29:33.032Z"}
{"level":"error","message":"I3088454 login failed !","timestamp":"2017-04-29T09:29:46.976Z"}
{"level":"error","message":"I3088455 login failed !","timestamp":"2017-04-29T09:30:01.220Z"}
{"level":"info","message":"22 round scan finished ......","timestamp":"2017-04-29T09:30:01.221Z"}
{"level":"info","message":"Server start successfully !","timestamp":"2017-04-29T09:30:20.363Z"}
{"level":"info","message":"Start login !","timestamp":"2017-04-29T09:30:20.398Z"}
{"level":"error","message":"I308845 login failed !","timestamp":"2017-04-29T09:30:37.456Z"}
{"level":"error","message":"I3088454 login failed !","timestamp":"2017-04-29T09:30:51.291Z"}
{"level":"error","message":"I3088455 login failed !","timestamp":"2017-04-29T09:31:06.071Z"}
{"level":"info","message":"22 round scan finished ......","timestamp":"2017-04-29T09:31:06.072Z"}
{"level":"info","message":"Server start successfully !","timestamp":"2017-04-29T09:31:24.851Z"}
{"level":"info","message":"Start login !","timestamp":"2017-04-29T09:31:24.887Z"}
{"level":"info","message":"I308845 login successfully !","timestamp":"2017-04-29T09:31:41.846Z"}
{"level":"info","message":"One dashboard save successfully!","timestamp":"2017-04-29T09:31:42.957Z"}
{"level":"info","message":"One dashboard save successfully!","timestamp":"2017-04-29T09:31:43.884Z"}
{"level":"info","message":"One dashboard save successfully!","timestamp":"2017-04-29T09:31:52.104Z"}
{"level":"info","message":"One dashboard save successfully!","timestamp":"2017-04-29T09:31:54.364Z"}
{"level":"info","message":"One dashboard save successfully!","timestamp":"2017-04-29T09:31:56.467Z"}
{"level":"error","message":"I3088454 login failed !","timestamp":"2017-04-29T09:32:21.262Z"}
{"level":"error","message":"I3088455 login failed !","timestamp":"2017-04-29T09:32:47.287Z"}
{"level":"info","message":"22 round scan finished ......","timestamp":"2017-04-29T09:32:47.287Z"}
{"level":"info","message":"Server start successfully !","timestamp":"2017-04-29T09:33:01.111Z"}
{"level":"info","message":"Start login !","timestamp":"2017-04-29T09:33:01.146Z"}
{"level":"info","message":"I308845 login successfully !","timestamp":"2017-04-29T09:33:15.581Z"}
{"level":"info","message":"One dashboard save successfully!","timestamp":"2017-04-29T09:33:17.513Z"}
{"level":"info","message":"One dashboard save successfully!","timestamp":"2017-04-29T09:33:18.825Z"}
{"level":"info","message":"One dashboard save successfully!","timestamp":"2017-04-29T09:33:24.154Z"}
{"level":"info","message":"One dashboard save successfully!","timestamp":"2017-04-29T09:33:26.762Z"}
{"level":"info","message":"One dashboard save successfully!","timestamp":"2017-04-29T09:33:28.837Z"}
{"level":"error","message":"I3088454 login failed !","timestamp":"2017-04-29T09:33:53.607Z"}
{"level":"error","message":"I3088455 login failed !","timestamp":"2017-04-29T09:34:18.011Z"}
{"level":"info","message":"23 round scan finished ......","timestamp":"2017-04-29T09:34:18.011Z"}
{"level":"info","message":"Server start successfully !","timestamp":"2017-04-29T09:34:26.057Z"}
{"level":"info","message":"Start login !","timestamp":"2017-04-29T09:34:26.092Z"}
{"level":"info","message":"I308845 login successfully !","timestamp":"2017-04-29T09:34:45.117Z"}
{"level":"info","message":"One dashboard save successfully!","timestamp":"2017-04-29T09:34:46.239Z"}
{"level":"info","message":"One dashboard save successfully!","timestamp":"2017-04-29T09:34:47.208Z"}
{"level":"info","message":"One dashboard save successfully!","timestamp":"2017-04-29T09:34:55.655Z"}
{"level":"info","message":"One dashboard save successfully!","timestamp":"2017-04-29T09:34:57.889Z"}
{"level":"info","message":"One dashboard save successfully!","timestamp":"2017-04-29T09:34:59.987Z"}
{"level":"error","message":"I3088454 login failed !","timestamp":"2017-04-29T09:35:24.140Z"}
{"level":"error","message":"I3088455 login failed !","timestamp":"2017-04-29T09:35:48.336Z"}
{"level":"info","message":"25 round scan finished ......","timestamp":"2017-04-29T09:35:48.337Z"}
{"level":"info","message":"Server start successfully !","timestamp":"2017-04-29T09:36:06.487Z"}
{"level":"info","message":"Start login !","timestamp":"2017-04-29T09:36:06.523Z"}
{"level":"info","message":"I308845 login successfully !","timestamp":"2017-04-29T09:36:18.916Z"}
{"level":"info","message":"One dashboard save successfully!","timestamp":"2017-04-29T09:36:20.733Z"}
{"level":"info","message":"One dashboard save successfully!","timestamp":"2017-04-29T09:36:21.691Z"}
{"level":"info","message":"One dashboard save successfully!","timestamp":"2017-04-29T09:36:30.534Z"}
{"level":"info","message":"One dashboard save successfully!","timestamp":"2017-04-29T09:36:32.767Z"}
{"level":"info","message":"One dashboard save successfully!","timestamp":"2017-04-29T09:36:35.439Z"}
{"level":"error","message":"I3088454 login failed !","timestamp":"2017-04-29T09:36:59.556Z"}
{"level":"error","message":"I3088455 login failed !","timestamp":"2017-04-29T09:37:23.621Z"}
{"level":"info","message":"26 round scan finished ......","timestamp":"2017-04-29T09:37:23.621Z"}
{"level":"info","message":"Server start successfully !","timestamp":"2017-04-29T09:39:06.453Z"}
{"level":"info","message":"Start login !","timestamp":"2017-04-29T09:39:06.488Z"}
{"level":"info","message":"I308845 login successfully !","timestamp":"2017-04-29T09:39:20.293Z"}
{"level":"info","message":"One dashboard save successfully!","timestamp":"2017-04-29T09:39:22.095Z"}
{"level":"info","message":"One dashboard save successfully!","timestamp":"2017-04-29T09:39:22.967Z"}
{"level":"info","message":"One dashboard save successfully!","timestamp":"2017-04-29T09:39:29.193Z"}
{"level":"info","message":"One dashboard save successfully!","timestamp":"2017-04-29T09:39:31.463Z"}
{"level":"info","message":"One dashboard save successfully!","timestamp":"2017-04-29T09:39:33.815Z"}
{"level":"error","message":"I3088454 login failed !","timestamp":"2017-04-29T09:39:57.695Z"}
{"level":"error","message":"I3088455 login failed !","timestamp":"2017-04-29T09:40:22.509Z"}
{"level":"info","message":"27 round scan finished ......","timestamp":"2017-04-29T09:40:22.509Z"}
